2019-12-27 00:14:24
### PARAMETERS ###
[user] target index (tidx) = 1
[user] target ID (tname[tidx]) = 212213538
[user] K2 campaign ID (k2camid) = 16
[user] data type (dtype) = sap
[user] output file path (SAVEPATH) = ./output/
[user] debug comments level (LDEBUG) = 1
[user] K2 start time (t0) = 2454833.0
name string (name_string) = 212213538_sap 

2019-12-27 00:14:25
### READ AND CLEAN DATA ###
*** Finished loading and cleaning input data 

2019-12-27 00:14:28
### INPUT DATA VISUALIZATION ###
[user] fraction of total range for expanding y-axis endpoints when plotting (rangefac): 0.05
[user] using K2 campaign splits? (USE_PYRANGE_REF) = True
Reference y-axis ranges for panels 0-5 (pyrange_ref):
Panel 0: pyrange = [18.550970720633437, 20.18986589095351]
Panel 1: pyrange = [-54.161889734486195, 119.91825364666558]
Panel 2: pyrange = [-54.161889734486195, 119.91825364666558]
Panel 3: pyrange = [-15.289839921753096, 395.244983989217]
Panel 4: pyrange = [6.8446830749511705, 478.94497451782223]
Panel 5: pyrange = [-1.8630940586328504, 0.6832127839326857]
Plotted y-axis ranges for panels 0-5 (pyrange ):
Panel 0: pyrange = [19.55283867153544, 21.191733841855513]
Panel 1: pyrange = [-84.14610574369345, 89.93403763745832]
Panel 2: pyrange = [-84.14610574369345, 89.93403763745832]
Panel 3: pyrange = [-145.6140819337413, 264.92074197722883]
Panel 4: pyrange = [-137.06900200843808, 335.031289434433]
Panel 5: pyrange = [-1.8563796848058698, 0.6899271577596662]
*** Finished visualizing the raw and processed input data 

