2019-12-27 00:14:54
### PARAMETERS ###
[user] target index (tidx) = 2
[user] target ID (tname[tidx]) = 212211859
[user] K2 campaign ID (k2camid) = 16
[user] data type (dtype) = sap
[user] output file path (SAVEPATH) = ./output/
[user] debug comments level (LDEBUG) = 1
[user] K2 start time (t0) = 2454833.0
name string (name_string) = 212211859_sap 

2019-12-27 00:14:55
### READ AND CLEAN DATA ###
*** Finished loading and cleaning input data 

2019-12-27 00:14:57
### INPUT DATA VISUALIZATION ###
[user] fraction of total range for expanding y-axis endpoints when plotting (rangefac): 0.05
[user] using K2 campaign splits? (USE_PYRANGE_REF) = True
Reference y-axis ranges for panels 0-5 (pyrange_ref):
Panel 0: pyrange = [18.550970720633437, 20.18986589095351]
Panel 1: pyrange = [-54.161889734486195, 119.91825364666558]
Panel 2: pyrange = [-54.161889734486195, 119.91825364666558]
Panel 3: pyrange = [-15.289839921753096, 395.244983989217]
Panel 4: pyrange = [6.8446830749511705, 478.94497451782223]
Panel 5: pyrange = [-1.8630940586328504, 0.6832127839326857]
Plotted y-axis ranges for panels 0-5 (pyrange ):
Panel 0: pyrange = [18.80951040544271, 20.44840557576278]
Panel 1: pyrange = [-86.38377785693845, 87.69636552421332]
Panel 2: pyrange = [-86.38377785693845, 87.69636552421332]
Panel 3: pyrange = [-39.49417779048147, 371.04064612048865]
Panel 4: pyrange = [-61.54469809532162, 410.55559334754946]
Panel 5: pyrange = [-1.8519223302602765, 0.6943845123052593]
*** Finished visualizing the raw and processed input data 

